<?xml version="1.0" encoding="UTF-8"?>
<testsuite xmlns:xsi="http://www.w3.org/2001/XMLSchema-instance" xsi:noNamespaceSchemaLocation="https://maven.apache.org/surefire/maven-surefire-plugin/xsd/surefire-test-report.xsd" name="AppTest" time="0.068" tests="1" errors="1" skipped="0" failures="0">
  <properties>
    <property name="java.specification.version" value="19"/>
    <property name="sun.cpu.isalist" value="amd64"/>
    <property name="sun.jnu.encoding" value="Cp1252"/>
    <property name="java.class.path" value="C:\Users\Thimira Wijepala\Documents\CMPT276\project\Documents\target\test-classes;C:\Users\Thimira Wijepala\Documents\CMPT276\project\Documents\target\classes;C:\Users\Thimira Wijepala\.m2\repository\junit\junit\4.11\junit-4.11.jar;C:\Users\Thimira Wijepala\.m2\repository\org\hamcrest\hamcrest-core\1.3\hamcrest-core-1.3.jar;C:\Users\Thimira Wijepala\.m2\repository\com\google\android\android\4.1.1.4\android-4.1.1.4.jar;C:\Users\Thimira Wijepala\.m2\repository\commons-logging\commons-logging\1.1.1\commons-logging-1.1.1.jar;C:\Users\Thimira Wijepala\.m2\repository\org\apache\httpcomponents\httpclient\4.0.1\httpclient-4.0.1.jar;C:\Users\Thimira Wijepala\.m2\repository\org\apache\httpcomponents\httpcore\4.0.1\httpcore-4.0.1.jar;C:\Users\Thimira Wijepala\.m2\repository\commons-codec\commons-codec\1.3\commons-codec-1.3.jar;C:\Users\Thimira Wijepala\.m2\repository\org\khronos\opengl-api\gl1.1-android-2.1_r1\opengl-api-gl1.1-android-2.1_r1.jar;C:\Users\Thimira Wijepala\.m2\repository\xerces\xmlParserAPIs\2.6.2\xmlParserAPIs-2.6.2.jar;C:\Users\Thimira Wijepala\.m2\repository\xpp3\xpp3\1.1.4c\xpp3-1.1.4c.jar;C:\Users\Thimira Wijepala\.m2\repository\org\json\json\20080701\json-20080701.jar;"/>
    <property name="java.vm.vendor" value="Oracle Corporation"/>
    <property name="sun.arch.data.model" value="64"/>
    <property name="user.variant" value=""/>
    <property name="java.vendor.url" value="https://java.oracle.com/"/>
    <property name="user.timezone" value="America/Los_Angeles"/>
    <property name="user.country.format" value="AS"/>
    <property name="os.name" value="Windows 10"/>
    <property name="java.vm.specification.version" value="19"/>
    <property name="sun.java.launcher" value="SUN_STANDARD"/>
    <property name="user.country" value="US"/>
    <property name="sun.boot.library.path" value="C:\Program Files\Java\jdk-19\bin"/>
    <property name="sun.java.command" value="C:\Users\THIMIR~1\AppData\Local\Temp\surefire7814995937126613386\surefirebooter5411904796054047166.jar C:\Users\Thimira Wijepala\AppData\Local\Temp\surefire7814995937126613386 2022-10-28T12-31-47_402-jvmRun1 surefire16208356247796161440tmp surefire_016516371188340935733tmp"/>
    <property name="jdk.debug" value="release"/>
    <property name="surefire.test.class.path" value="C:\Users\Thimira Wijepala\Documents\CMPT276\project\Documents\target\test-classes;C:\Users\Thimira Wijepala\Documents\CMPT276\project\Documents\target\classes;C:\Users\Thimira Wijepala\.m2\repository\junit\junit\4.11\junit-4.11.jar;C:\Users\Thimira Wijepala\.m2\repository\org\hamcrest\hamcrest-core\1.3\hamcrest-core-1.3.jar;C:\Users\Thimira Wijepala\.m2\repository\com\google\android\android\4.1.1.4\android-4.1.1.4.jar;C:\Users\Thimira Wijepala\.m2\repository\commons-logging\commons-logging\1.1.1\commons-logging-1.1.1.jar;C:\Users\Thimira Wijepala\.m2\repository\org\apache\httpcomponents\httpclient\4.0.1\httpclient-4.0.1.jar;C:\Users\Thimira Wijepala\.m2\repository\org\apache\httpcomponents\httpcore\4.0.1\httpcore-4.0.1.jar;C:\Users\Thimira Wijepala\.m2\repository\commons-codec\commons-codec\1.3\commons-codec-1.3.jar;C:\Users\Thimira Wijepala\.m2\repository\org\khronos\opengl-api\gl1.1-android-2.1_r1\opengl-api-gl1.1-android-2.1_r1.jar;C:\Users\Thimira Wijepala\.m2\repository\xerces\xmlParserAPIs\2.6.2\xmlParserAPIs-2.6.2.jar;C:\Users\Thimira Wijepala\.m2\repository\xpp3\xpp3\1.1.4c\xpp3-1.1.4c.jar;C:\Users\Thimira Wijepala\.m2\repository\org\json\json\20080701\json-20080701.jar;"/>
    <property name="sun.cpu.endian" value="little"/>
    <property name="user.home" value="C:\Users\Thimira Wijepala"/>
    <property name="user.language" value="en"/>
    <property name="java.specification.vendor" value="Oracle Corporation"/>
    <property name="java.version.date" value="2022-10-18"/>
    <property name="java.home" value="C:\Program Files\Java\jdk-19"/>
    <property name="file.separator" value="\"/>
    <property name="basedir" value="C:\Users\Thimira Wijepala\Documents\CMPT276\project\Documents"/>
    <property name="java.vm.compressedOopsMode" value="Zero based"/>
    <property name="line.separator" value="&#10;"/>
    <property name="java.vm.specification.vendor" value="Oracle Corporation"/>
    <property name="java.specification.name" value="Java Platform API Specification"/>
    <property name="surefire.real.class.path" value="C:\Users\THIMIR~1\AppData\Local\Temp\surefire7814995937126613386\surefirebooter5411904796054047166.jar"/>
    <property name="user.script" value=""/>
    <property name="sun.management.compiler" value="HotSpot 64-Bit Tiered Compilers"/>
    <property name="java.runtime.version" value="19.0.1+10-21"/>
    <property name="user.name" value="Thimira Wijepala"/>
    <property name="stdout.encoding" value="Cp1252"/>
    <property name="path.separator" value=";"/>
    <property name="os.version" value="10.0"/>
    <property name="java.runtime.name" value="Java(TM) SE Runtime Environment"/>
    <property name="file.encoding" value="UTF-8"/>
    <property name="java.vm.name" value="Java HotSpot(TM) 64-Bit Server VM"/>
    <property name="localRepository" value="C:\Users\Thimira Wijepala\.m2\repository"/>
    <property name="java.vendor.url.bug" value="https://bugreport.java.com/bugreport/"/>
    <property name="java.io.tmpdir" value="C:\Users\THIMIR~1\AppData\Local\Temp\"/>
    <property name="java.version" value="19.0.1"/>
    <property name="user.dir" value="C:\Users\Thimira Wijepala\Documents\CMPT276\project\Documents"/>
    <property name="os.arch" value="amd64"/>
    <property name="java.vm.specification.name" value="Java Virtual Machine Specification"/>
    <property name="sun.os.patch.level" value=""/>
    <property name="native.encoding" value="Cp1252"/>
    <property name="java.library.path" value="C:\Program Files\Java\jdk-19\bin;C:\WINDOWS\Sun\Java\bin;C:\WINDOWS\system32;C:\WINDOWS;C:\WINDOWS\system32;C:\WINDOWS;C:\WINDOWS\System32\Wbem;C:\WINDOWS\System32\WindowsPowerShell\v1.0\;C:\WINDOWS\System32\OpenSSH\;C:\MinGW\bin;C:\Program Files\Git\cmd;C:\Program Files\MATLAB\R2021b\bin;C:\Users\Thimira Wijepala\AppData\Local\Microsoft\WindowsApps;C:\Program Files\JetBrains\PyCharm Community Edition 2021.1.2\bin;;C:\Users\Thimira Wijepala\AppData\Local\Programs\Microsoft VS Code\bin;C:\Users\Thimira Wijepala\Documents\apache-maven-3.8.6\bin;C:\Program Files\Java\jdk-19\bin;;."/>
    <property name="java.vm.info" value="mixed mode, sharing"/>
    <property name="stderr.encoding" value="Cp1252"/>
    <property name="java.vendor" value="Oracle Corporation"/>
    <property name="java.vm.version" value="19.0.1+10-21"/>
    <property name="sun.io.unicode.encoding" value="UnicodeLittle"/>
    <property name="java.class.version" value="63.0"/>
  </properties>
  <testcase name="shouldAnswerWithTrue" classname="AppTest" time="0.009">
    <error message="Unresolved compilation problem: &#10;	The declared package &quot;game&quot; does not match the expected package &quot;&quot;&#10;" type="java.lang.Error"><![CDATA[java.lang.Error: 
Unresolved compilation problem: 
	The declared package "game" does not match the expected package ""

	at AppTest.<init>(AppTest.java:1)
]]></error>
  </testcase>
</testsuite>